This is pdfTeX, Version 3.141592653-2.6-1.40.27 (MiKTeX 25.4) (preloaded format=pdflatex 2025.11.11)  12 APR 2026 17:12
entering extended mode
 restricted \write18 enabled.
 file:line:error style messages enabled.
 %&-line parsing enabled.
**"c:/Users/John Michael Jabuen/Documents/CMSC 199.2/SudoSLVRR Manuscript/sourc
e/thesis.tex"

(c:/Users/John Michael Jabuen/Documents/CMSC 199.2/SudoSLVRR Manuscript/source/
thesis.tex
LaTeX2e <2025-11-01>
L3 programming layer <2025-10-24>

(C:\Users\John Michael Jabuen\AppData\Local\Programs\MiKTeX\tex/latex/base\repo
rt.cls
Document Class: report 2025/01/22 v1.4n Standard LaTeX document class

(C:\Users\John Michael Jabuen\AppData\Local\Programs\MiKTeX\tex/latex/base\size
12.clo
File: size12.clo 2025/01/22 v1.4n Standard LaTeX file (size option)
)
\c@part=\count275
\c@chapter=\count276
\c@section=\count277
\c@subsection=\count278
\c@subsubsection=\count279
\c@paragraph=\count280
\c@subparagraph=\count281
\c@figure=\count282
\c@table=\count283
\abovecaptionskip=\skip49
\belowcaptionskip=\skip50
\bibindent=\dimen148
)
(C:\Users\John Michael Jabuen\AppData\Local\Programs\MiKTeX\tex/latex/amsmath\a
msmath.sty
Package: amsmath 2025/07/09 v2.17z AMS math features
\@mathmargin=\skip51

For additional information on amsmath, use the `?' option.

(C:\Users\John Michael Jabuen\AppData\Local\Programs\MiKTeX\tex/latex/amsmath\a
mstext.sty
Package: amstext 2024/11/17 v2.01 AMS text

(C:\Users\John Michael Jabuen\AppData\Local\Programs\MiKTeX\tex/latex/amsmath\a
msgen.sty
File: amsgen.sty 1999/11/30 v2.0 generic functions
\@emptytoks=\toks17
\ex@=\dimen149
))
(C:\Users\John Michael Jabuen\AppData\Local\Programs\MiKTeX\tex/latex/amsmath\a
msbsy.sty
Package: amsbsy 1999/11/29 v1.2d Bold Symbols
\pmbraise@=\dimen150
)
(C:\Users\John Michael Jabuen\AppData\Local\Programs\MiKTeX\tex/latex/amsmath\a
msopn.sty
Package: amsopn 2022/04/08 v2.04 operator names
)
\inf@bad=\count284
LaTeX Info: Redefining \frac on input line 233.
\uproot@=\count285
\leftroot@=\count286
LaTeX Info: Redefining \overline on input line 398.
LaTeX Info: Redefining \colon on input line 409.
\classnum@=\count287
\DOTSCASE@=\count288
LaTeX Info: Redefining \ldots on input line 495.
LaTeX Info: Redefining \dots on input line 498.
LaTeX Info: Redefining \cdots on input line 619.
\Mathstrutbox@=\box53
\strutbox@=\box54
LaTeX Info: Redefining \big on input line 721.
LaTeX Info: Redefining \Big on input line 722.
LaTeX Info: Redefining \bigg on input line 723.
LaTeX Info: Redefining \Bigg on input line 724.
\big@size=\dimen151
LaTeX Font Info:    Redeclaring font encoding OML on input line 742.
LaTeX Font Info:    Redeclaring font encoding OMS on input line 743.
\macc@depth=\count289
LaTeX Info: Redefining \bmod on input line 904.
LaTeX Info: Redefining \pmod on input line 909.
LaTeX Info: Redefining \smash on input line 939.
LaTeX Info: Redefining \relbar on input line 969.
LaTeX Info: Redefining \Relbar on input line 970.
\c@MaxMatrixCols=\count290
\dotsspace@=\muskip17
\c@parentequation=\count291
\dspbrk@lvl=\count292
\tag@help=\toks18
\row@=\count293
\column@=\count294
\maxfields@=\count295
\andhelp@=\toks19
\eqnshift@=\dimen152
\alignsep@=\dimen153
\tagshift@=\dimen154
\tagwidth@=\dimen155
\totwidth@=\dimen156
\lineht@=\dimen157
\@envbody=\toks20
\multlinegap=\skip52
\multlinetaggap=\skip53
\mathdisplay@stack=\toks21
LaTeX Info: Redefining \[ on input line 2950.
LaTeX Info: Redefining \] on input line 2951.
)
(C:\Users\John Michael Jabuen\AppData\Local\Programs\MiKTeX\tex/latex/amsfonts\
amsfonts.sty
Package: amsfonts 2013/01/14 v3.01 Basic AMSFonts support
\symAMSa=\mathgroup4
\symAMSb=\mathgroup5
LaTeX Font Info:    Redeclaring math symbol \hbar on input line 98.
LaTeX Font Info:    Overwriting math alphabet `\mathfrak' in version `bold'
(Font)                  U/euf/m/n --> U/euf/b/n on input line 106.
)
(C:\Users\John Michael Jabuen\AppData\Local\Programs\MiKTeX\tex/latex/amsfonts\
amssymb.sty
Package: amssymb 2013/01/14 v3.01 AMS font symbols
)
(C:\Users\John Michael Jabuen\AppData\Local\Programs\MiKTeX\tex/latex/amscls\am
sthm.sty
Package: amsthm 2020/05/29 v2.20.6
\thm@style=\toks22
\thm@bodyfont=\toks23
\thm@headfont=\toks24
\thm@notefont=\toks25
\thm@headpunct=\toks26
\thm@preskip=\skip54
\thm@postskip=\skip55
\thm@headsep=\skip56
\dth@everypar=\toks27
)
(C:\Users\John Michael Jabuen\AppData\Local\Programs\MiKTeX\tex/latex/base\newl
font.sty
Package: newlfont 1998/08/17 v2.2m Standard LaTeX package
LaTeX Info: Redefining \em on input line 57.

(C:\Users\John Michael Jabuen\AppData\Local\Programs\MiKTeX\tex/latex/base\late
xsym.sty
Package: latexsym 1998/08/17 v2.2e Standard LaTeX package (lasy symbols)
\symlasy=\mathgroup6
LaTeX Font Info:    Overwriting symbol font `lasy' in version `bold'
(Font)                  U/lasy/m/n --> U/lasy/b/n on input line 52.
))
(C:\Users\John Michael Jabuen\AppData\Local\Programs\MiKTeX\tex/latex/graphics\
epsfig.sty
Package: epsfig 2024/01/14 v1.7b (e)psfig emulation (SPQR)

(C:\Users\John Michael Jabuen\AppData\Local\Programs\MiKTeX\tex/latex/graphics\
graphicx.sty
Package: graphicx 2024/12/31 v1.2e Enhanced LaTeX Graphics (DPC,SPQR)

(C:\Users\John Michael Jabuen\AppData\Local\Programs\MiKTeX\tex/latex/graphics\
keyval.sty
Package: keyval 2022/05/29 v1.15 key=value parser (DPC)
\KV@toks@=\toks28
)
(C:\Users\John Michael Jabuen\AppData\Local\Programs\MiKTeX\tex/latex/graphics\
graphics.sty
Package: graphics 2024/08/06 v1.4g Standard LaTeX Graphics (DPC,SPQR)

(C:\Users\John Michael Jabuen\AppData\Local\Programs\MiKTeX\tex/latex/graphics\
trig.sty
Package: trig 2023/12/02 v1.11 sin cos tan (DPC)
)
(C:\Users\John Michael Jabuen\AppData\Local\Programs\MiKTeX\tex/latex/graphics-
cfg\graphics.cfg
File: graphics.cfg 2016/06/04 v1.11 sample graphics configuration
)
Package graphics Info: Driver file: pdftex.def on input line 106.

(C:\Users\John Michael Jabuen\AppData\Local\Programs\MiKTeX\tex/latex/graphics-
def\pdftex.def
File: pdftex.def 2025/09/29 v1.2d Graphics/color driver for pdftex
))
\Gin@req@height=\dimen158
\Gin@req@width=\dimen159
)
\epsfxsize=\dimen160
\epsfysize=\dimen161
) (UPCSTHESIS.sty
Document Style Option `upcsthesis'.
) (UPCSINC1.sty
\tclineskip=\skip57
) (LTX.sty
Package: LTX 1998/03/09 v0.1 forward/backward DVI searching
\PAGETOP=\count296
\LASTLINE=\count297
\INPSP=\count298
)
(C:\Users\John Michael Jabuen\AppData\Local\Programs\MiKTeX\tex/latex/subfigure
\subfigure.sty
Package: subfigure 2002/07/30 v2.1.4 subfigure package
\subfigtopskip=\skip58
\subfigcapskip=\skip59
\subfigcaptopadj=\dimen162
\subfigbottomskip=\skip60
\subfigcapmargin=\dimen163
\subfiglabelskip=\skip61
\c@subfigure=\count299
\c@lofdepth=\count300
\c@subtable=\count301
\c@lotdepth=\count302

****************************************
* Local config file subfigure.cfg used *
****************************************

(C:\Users\John Michael Jabuen\AppData\Local\Programs\MiKTeX\tex/latex/subfigure
\subfigure.cfg)
\subfig@top=\skip62
\subfig@bottom=\skip63
)
(C:\Users\John Michael Jabuen\AppData\Local\Programs\MiKTeX\tex/latex/listings\
listings.sty \lstset,
\lst@mode=\count303
 
new hook `InitVars',

new hook `EndGroup',

new hook `ExitVars',

new hook `ModeTrue',

new hook `EOL',
\lst@gtempboxa=\box55
\lst@token=\toks29
\lst@length=\count304

new hook `InitVarsBOL',
\lst@currlwidth=\dimen164
\lst@column=\count305
\lst@pos=\count306
\lst@lostspace=\dimen165
\lst@width=\dimen166
basewidth, 
new hook `FontAdjust',
fontadjust, 
new hook `PostOutput',

new hook `OutputBox',

new hook `InitBOL',
columns, flexiblecolumns,
\lst@newlines=\count307
 
new hook `OnNewLine',
emptylines, 
new hook `OnEmptyLine',
identifierstyle, 
new hook `EmptyStyle',

new hook `OutputOther',

new hook `Output',
tabsize, showtabs, tab, showspaces, keepspaces, 
new hook `Init',
formfeed, upquote, SelectCharTable, MoreSelectCharTable,

new hook `SetLanguage',
extendedchars, useoutput, rescanchars, alsoletter, alsodigit, alsoother,

new hook `SelectCharTable',
excludedelims, delim, moredelim, deletedelim, literate, basicstyle,
inputencoding, multicols, 
new hook `EveryLine',
\lst@lineno=\count308
print, firstline, lastline, 
new hook `PreSet',
nolol, linerange, consecutivenumbers, rangeprefix, rangesuffix,
rangebeginprefix, rangebeginsuffix, rangeendprefix, rangeendsuffix,
includerangemarker, 
new hook `DeInit',
captionpos, abovecaptionskip, belowcaptionskip, label, title, caption,

new hook `TextStyle',
\lstlistingname, \lstlistingnamestyle, numberbychapter, boxpos, float,
floatplacement, aboveskip, belowskip, everydisplay, 
new hook `DisplayStyle',

new hook `PreInit',

new hook `EveryPar',
showlines,
\lst@maxwidth=\dimen167
 
new hook `InitVarsEOL',
gobble, name, \lstlistlistingname, \lstlistoflistings, inputpath,
\lstnewenvironment, fancyvrb,
(C:\Users\John Michael Jabuen\AppData\Local\Programs\MiKTeX\tex/latex/listings\
lstpatch.sty
File: lstpatch.sty 2025/10/06 1.11 (Carsten Heinz)
)
(C:\Users\John Michael Jabuen\AppData\Local\Programs\MiKTeX\tex/latex/listings\
lstmisc.sty
File: lstmisc.sty 2025/10/06 1.11 (Carsten Heinz)
 
Define lst-aspect `strings': string, morestring, deletestring, stringstyle,
showstringspaces, 
new hook `ExcludeDelims',

Allocs: none

Define lst-aspect `comments': comment, morecomment, deletecomment,
commentstyle, 
new hook `AfterBeginComment',

Allocs: none

Define lst-aspect `escape': texcl, escapebegin, escapeend, escapechar,
escapeinside, mathescape, 
Allocs: none

Define lst-aspect `keywords': sensitive, 
new hook `TrackKeywords',

new hook `PostTrackKeywords',

new hook `DetectKeywords',
classoffset, keywords, morekeywords, deletekeywords, keywordstyle,
keywordstyle, ndkeywords, morendkeywords, deletendkeywords, ndkeywordstyle,
keywordsprefix, otherkeywords, 
Allocs: none

Define lst-aspect `emph': emph, moreemph, deleteemph, emphstyle, 
Allocs: none

Define lst-aspect `index': index, moreindex, deleteindex, indexstyle,
\lstindexmacro, 
Allocs: none

Define lst-aspect `style': \lststylefiles, \lstdefinestyle, \lst@definestyle,
style, 
new hook `SetStyle',

Allocs: none

Define lst-aspect `language': \lstlanguagefiles, \lstdefinelanguage,
\lst@definelanguage, language, alsolanguage, \lstalias, defaultdialect,

Allocs: none

Define lst-aspect `labels': numbers, stepnumber, numberfirstline, numberstyle,
numbersep, numberblanklines, firstnumber,
\c@lstnumber=\count309
\lst@skipnumbers=\count310
 
Allocs: 2\count, 

Define lst-aspect `lineshape': xleftmargin, xrightmargin, resetmargins,

new hook `BoxUnsafe',
linewidth, lineskip, breaklines, breakindent, breakautoindent,
breakatwhitespace, prebreak, postbreak, 
Allocs: none

Define lst-aspect `frames': framexleftmargin, framexrightmargin,
framextopmargin, framexbottommargin, backgroundcolor, fillcolor, rulecolor,
rulesepcolor, rulesep, framerule, framesep, frameshape, frameround, frame,
\lst@framebox=\box56


Allocs: 1\box, 
) 
Allocs: 8\count, 4\dimen, 2\box, 1\toks, 

(C:\Users\John Michael Jabuen\AppData\Local\Programs\MiKTeX\tex/latex/listings\
listings.cfg
File: listings.cfg 2025/10/06 1.11 listings configuration
))
Package: listings 2025/10/06 1.11 (Carsten Heinz)

==> First Aid for listings.sty no longer applied!
    Expected:
        2024/09/23 1.10c (Carsten Heinz)
    but found:
        2025/10/06 1.11 (Carsten Heinz)
    so I'm assuming it got fixed.

(C:\Users\John Michael Jabuen\AppData\Local\Programs\MiKTeX\tex/latex/tools\arr
ay.sty
Package: array 2025/09/25 v2.6n Tabular extension package (FMi)
\col@sep=\dimen168
\ar@mcellbox=\box57
\extrarowheight=\dimen169
\NC@list=\toks30
\extratabsurround=\skip64
\backup@length=\skip65
\ar@cellbox=\box58
)
(C:\Users\John Michael Jabuen\AppData\Local\Programs\MiKTeX\tex/latex/float\flo
at.sty
Package: float 2001/11/08 v1.3d Float enhancements (AL)
\c@float@type=\count311
\float@exts=\toks31
\float@box=\box59
\@float@everytoks=\toks32
\@floatcapt=\box60
)
(C:\Users\John Michael Jabuen\AppData\Local\Programs\MiKTeX\tex/latex/url\url.s
ty
\Urlmuskip=\muskip18
Package: url 2013/09/16  ver 3.4  Verb mode for urls, etc.
)
(C:\Users\John Michael Jabuen\AppData\Local\Programs\MiKTeX\tex/latex/graphics\
lscape.sty
Package: lscape 2020/05/28 v3.02 Landscape Pages (DPC)
) (fancyhdr.sty
\fancy@headwidth=\skip66
\f@ncyO@elh=\skip67
\f@ncyO@erh=\skip68
\f@ncyO@olh=\skip69
\f@ncyO@orh=\skip70
\f@ncyO@elf=\skip71
\f@ncyO@erf=\skip72
\f@ncyO@olf=\skip73
\f@ncyO@orf=\skip74
)
(C:\Users\John Michael Jabuen\AppData\Local\Programs\MiKTeX\tex/latex/pgfplots\
pgfplots.sty
(C:\Users\John Michael Jabuen\AppData\Local\Programs\MiKTeX\tex/generic/pgfplot
s\pgfplots.revision.tex)
Package: pgfplots 2021/05/15 v1.18.1 Data Visualization (1.18.1)

(C:\Users\John Michael Jabuen\AppData\Local\Programs\MiKTeX\tex/latex/pgf/front
endlayer\tikz.sty
(C:\Users\John Michael Jabuen\AppData\Local\Programs\MiKTeX\tex/latex/pgf/basic
layer\pgf.sty
(C:\Users\John Michael Jabuen\AppData\Local\Programs\MiKTeX\tex/latex/pgf/utili
ties\pgfrcs.sty
(C:\Users\John Michael Jabuen\AppData\Local\Programs\MiKTeX\tex/generic/pgf/uti
lities\pgfutil-common.tex
\pgfutil@everybye=\toks33
\pgfutil@tempdima=\dimen170
\pgfutil@tempdimb=\dimen171
)
(C:\Users\John Michael Jabuen\AppData\Local\Programs\MiKTeX\tex/generic/pgf/uti
lities\pgfutil-latex.def
\pgfutil@abb=\box61
)
(C:\Users\John Michael Jabuen\AppData\Local\Programs\MiKTeX\tex/generic/pgf/uti
lities\pgfrcs.code.tex
(C:\Users\John Michael Jabuen\AppData\Local\Programs\MiKTeX\tex/generic/pgf\pgf
.revision.tex)
Package: pgfrcs 2025-08-29 v3.1.11a (3.1.11a)
))
Package: pgf 2025-08-29 v3.1.11a (3.1.11a)

(C:\Users\John Michael Jabuen\AppData\Local\Programs\MiKTeX\tex/latex/pgf/basic
layer\pgfcore.sty
(C:\Users\John Michael Jabuen\AppData\Local\Programs\MiKTeX\tex/latex/pgf/syste
mlayer\pgfsys.sty
(C:\Users\John Michael Jabuen\AppData\Local\Programs\MiKTeX\tex/generic/pgf/sys
temlayer\pgfsys.code.tex
Package: pgfsys 2025-08-29 v3.1.11a (3.1.11a)

(C:\Users\John Michael Jabuen\AppData\Local\Programs\MiKTeX\tex/generic/pgf/uti
lities\pgfkeys.code.tex
\pgfkeys@pathtoks=\toks34
\pgfkeys@temptoks=\toks35

(C:\Users\John Michael Jabuen\AppData\Local\Programs\MiKTeX\tex/generic/pgf/uti
lities\pgfkeyslibraryfiltered.code.tex
\pgfkeys@tmptoks=\toks36
))
\pgf@x=\dimen172
\pgf@y=\dimen173
\pgf@xa=\dimen174
\pgf@ya=\dimen175
\pgf@xb=\dimen176
\pgf@yb=\dimen177
\pgf@xc=\dimen178
\pgf@yc=\dimen179
\pgf@xd=\dimen180
\pgf@yd=\dimen181
\w@pgf@writea=\write3
\r@pgf@reada=\read2
\c@pgf@counta=\count312
\c@pgf@countb=\count313
\c@pgf@countc=\count314
\c@pgf@countd=\count315
\t@pgf@toka=\toks37
\t@pgf@tokb=\toks38
\t@pgf@tokc=\toks39
\pgf@sys@id@count=\count316

(C:\Users\John Michael Jabuen\AppData\Local\Programs\MiKTeX\tex/generic/pgf/sys
temlayer\pgf.cfg
File: pgf.cfg 2025-08-29 v3.1.11a (3.1.11a)
)
Driver file for pgf: pgfsys-pdftex.def

(C:\Users\John Michael Jabuen\AppData\Local\Programs\MiKTeX\tex/generic/pgf/sys
temlayer\pgfsys-pdftex.def
File: pgfsys-pdftex.def 2025-08-29 v3.1.11a (3.1.11a)

(C:\Users\John Michael Jabuen\AppData\Local\Programs\MiKTeX\tex/generic/pgf/sys
temlayer\pgfsys-common-pdf.def
File: pgfsys-common-pdf.def 2025-08-29 v3.1.11a (3.1.11a)
)))
(C:\Users\John Michael Jabuen\AppData\Local\Programs\MiKTeX\tex/generic/pgf/sys
temlayer\pgfsyssoftpath.code.tex
File: pgfsyssoftpath.code.tex 2025-08-29 v3.1.11a (3.1.11a)
\pgfsyssoftpath@smallbuffer@items=\count317
\pgfsyssoftpath@bigbuffer@items=\count318
)
(C:\Users\John Michael Jabuen\AppData\Local\Programs\MiKTeX\tex/generic/pgf/sys
temlayer\pgfsysprotocol.code.tex
File: pgfsysprotocol.code.tex 2025-08-29 v3.1.11a (3.1.11a)
))
(C:\Users\John Michael Jabuen\AppData\Local\Programs\MiKTeX\tex/latex/xcolor\xc
olor.sty
Package: xcolor 2024/09/29 v3.02 LaTeX color extensions (UK)

(C:\Users\John Michael Jabuen\AppData\Local\Programs\MiKTeX\tex/latex/graphics-
cfg\color.cfg
File: color.cfg 2016/01/02 v1.6 sample color configuration
)
Package xcolor Info: Driver file: pdftex.def on input line 274.

(C:\Users\John Michael Jabuen\AppData\Local\Programs\MiKTeX\tex/latex/graphics\
mathcolor.ltx)
Package xcolor Info: Model `cmy' substituted by `cmy0' on input line 1349.
Package xcolor Info: Model `hsb' substituted by `rgb' on input line 1353.
Package xcolor Info: Model `RGB' extended on input line 1365.
Package xcolor Info: Model `HTML' substituted by `rgb' on input line 1367.
Package xcolor Info: Model `Hsb' substituted by `hsb' on input line 1368.
Package xcolor Info: Model `tHsb' substituted by `hsb' on input line 1369.
Package xcolor Info: Model `HSB' substituted by `hsb' on input line 1370.
Package xcolor Info: Model `Gray' substituted by `gray' on input line 1371.
Package xcolor Info: Model `wave' substituted by `hsb' on input line 1372.
)
(C:\Users\John Michael Jabuen\AppData\Local\Programs\MiKTeX\tex/generic/pgf/bas
iclayer\pgfcore.code.tex
Package: pgfcore 2025-08-29 v3.1.11a (3.1.11a)

(C:\Users\John Michael Jabuen\AppData\Local\Programs\MiKTeX\tex/generic/pgf/mat
h\pgfmath.code.tex
(C:\Users\John Michael Jabuen\AppData\Local\Programs\MiKTeX\tex/generic/pgf/mat
h\pgfmathutil.code.tex)
(C:\Users\John Michael Jabuen\AppData\Local\Programs\MiKTeX\tex/generic/pgf/mat
h\pgfmathparser.code.tex
\pgfmath@dimen=\dimen182
\pgfmath@count=\count319
\pgfmath@box=\box62
\pgfmath@toks=\toks40
\pgfmath@stack@operand=\toks41
\pgfmath@stack@operation=\toks42
)
(C:\Users\John Michael Jabuen\AppData\Local\Programs\MiKTeX\tex/generic/pgf/mat
h\pgfmathfunctions.code.tex)
(C:\Users\John Michael Jabuen\AppData\Local\Programs\MiKTeX\tex/generic/pgf/mat
h\pgfmathfunctions.basic.code.tex)
(C:\Users\John Michael Jabuen\AppData\Local\Programs\MiKTeX\tex/generic/pgf/mat
h\pgfmathfunctions.trigonometric.code.tex)
(C:\Users\John Michael Jabuen\AppData\Local\Programs\MiKTeX\tex/generic/pgf/mat
h\pgfmathfunctions.random.code.tex)
(C:\Users\John Michael Jabuen\AppData\Local\Programs\MiKTeX\tex/generic/pgf/mat
h\pgfmathfunctions.comparison.code.tex)
(C:\Users\John Michael Jabuen\AppData\Local\Programs\MiKTeX\tex/generic/pgf/mat
h\pgfmathfunctions.base.code.tex)
(C:\Users\John Michael Jabuen\AppData\Local\Programs\MiKTeX\tex/generic/pgf/mat
h\pgfmathfunctions.round.code.tex)
(C:\Users\John Michael Jabuen\AppData\Local\Programs\MiKTeX\tex/generic/pgf/mat
h\pgfmathfunctions.misc.code.tex)
(C:\Users\John Michael Jabuen\AppData\Local\Programs\MiKTeX\tex/generic/pgf/mat
h\pgfmathfunctions.integerarithmetics.code.tex)
(C:\Users\John Michael Jabuen\AppData\Local\Programs\MiKTeX\tex/generic/pgf/mat
h\pgfmathcalc.code.tex)
(C:\Users\John Michael Jabuen\AppData\Local\Programs\MiKTeX\tex/generic/pgf/mat
h\pgfmathfloat.code.tex
\c@pgfmathroundto@lastzeros=\count320
))
(C:\Users\John Michael Jabuen\AppData\Local\Programs\MiKTeX\tex/generic/pgf/mat
h\pgfint.code.tex)
(C:\Users\John Michael Jabuen\AppData\Local\Programs\MiKTeX\tex/generic/pgf/bas
iclayer\pgfcorepoints.code.tex
File: pgfcorepoints.code.tex 2025-08-29 v3.1.11a (3.1.11a)
\pgf@picminx=\dimen183
\pgf@picmaxx=\dimen184
\pgf@picminy=\dimen185
\pgf@picmaxy=\dimen186
\pgf@pathminx=\dimen187
\pgf@pathmaxx=\dimen188
\pgf@pathminy=\dimen189
\pgf@pathmaxy=\dimen190
\pgf@xx=\dimen191
\pgf@xy=\dimen192
\pgf@yx=\dimen193
\pgf@yy=\dimen194
\pgf@zx=\dimen195
\pgf@zy=\dimen196
)
(C:\Users\John Michael Jabuen\AppData\Local\Programs\MiKTeX\tex/generic/pgf/bas
iclayer\pgfcorepathconstruct.code.tex
File: pgfcorepathconstruct.code.tex 2025-08-29 v3.1.11a (3.1.11a)
\pgf@path@lastx=\dimen197
\pgf@path@lasty=\dimen198
)
(C:\Users\John Michael Jabuen\AppData\Local\Programs\MiKTeX\tex/generic/pgf/bas
iclayer\pgfcorepathusage.code.tex
File: pgfcorepathusage.code.tex 2025-08-29 v3.1.11a (3.1.11a)
\pgf@shorten@end@additional=\dimen199
\pgf@shorten@start@additional=\dimen256
)
(C:\Users\John Michael Jabuen\AppData\Local\Programs\MiKTeX\tex/generic/pgf/bas
iclayer\pgfcorescopes.code.tex
File: pgfcorescopes.code.tex 2025-08-29 v3.1.11a (3.1.11a)
\pgfpic=\box63
\pgf@hbox=\box64
\pgf@layerbox@main=\box65
\pgf@picture@serial@count=\count321
)
(C:\Users\John Michael Jabuen\AppData\Local\Programs\MiKTeX\tex/generic/pgf/bas
iclayer\pgfcoregraphicstate.code.tex
File: pgfcoregraphicstate.code.tex 2025-08-29 v3.1.11a (3.1.11a)
\pgflinewidth=\dimen257
)
(C:\Users\John Michael Jabuen\AppData\Local\Programs\MiKTeX\tex/generic/pgf/bas
iclayer\pgfcoretransformations.code.tex
File: pgfcoretransformations.code.tex 2025-08-29 v3.1.11a (3.1.11a)
\pgf@pt@x=\dimen258
\pgf@pt@y=\dimen259
\pgf@pt@temp=\dimen260
)
(C:\Users\John Michael Jabuen\AppData\Local\Programs\MiKTeX\tex/generic/pgf/bas
iclayer\pgfcorequick.code.tex
File: pgfcorequick.code.tex 2025-08-29 v3.1.11a (3.1.11a)
)
(C:\Users\John Michael Jabuen\AppData\Local\Programs\MiKTeX\tex/generic/pgf/bas
iclayer\pgfcoreobjects.code.tex
File: pgfcoreobjects.code.tex 2025-08-29 v3.1.11a (3.1.11a)
)
(C:\Users\John Michael Jabuen\AppData\Local\Programs\MiKTeX\tex/generic/pgf/bas
iclayer\pgfcorepathprocessing.code.tex
File: pgfcorepathprocessing.code.tex 2025-08-29 v3.1.11a (3.1.11a)
)
(C:\Users\John Michael Jabuen\AppData\Local\Programs\MiKTeX\tex/generic/pgf/bas
iclayer\pgfcorearrows.code.tex
File: pgfcorearrows.code.tex 2025-08-29 v3.1.11a (3.1.11a)
\pgfarrowsep=\dimen261
)
(C:\Users\John Michael Jabuen\AppData\Local\Programs\MiKTeX\tex/generic/pgf/bas
iclayer\pgfcoreshade.code.tex
File: pgfcoreshade.code.tex 2025-08-29 v3.1.11a (3.1.11a)
\pgf@max=\dimen262
\pgf@sys@shading@range@num=\count322
\pgf@shadingcount=\count323
)
(C:\Users\John Michael Jabuen\AppData\Local\Programs\MiKTeX\tex/generic/pgf/bas
iclayer\pgfcoreimage.code.tex
File: pgfcoreimage.code.tex 2025-08-29 v3.1.11a (3.1.11a)
)
(C:\Users\John Michael Jabuen\AppData\Local\Programs\MiKTeX\tex/generic/pgf/bas
iclayer\pgfcoreexternal.code.tex
File: pgfcoreexternal.code.tex 2025-08-29 v3.1.11a (3.1.11a)
\pgfexternal@startupbox=\box66
)
(C:\Users\John Michael Jabuen\AppData\Local\Programs\MiKTeX\tex/generic/pgf/bas
iclayer\pgfcorelayers.code.tex
File: pgfcorelayers.code.tex 2025-08-29 v3.1.11a (3.1.11a)
)
(C:\Users\John Michael Jabuen\AppData\Local\Programs\MiKTeX\tex/generic/pgf/bas
iclayer\pgfcoretransparency.code.tex
File: pgfcoretransparency.code.tex 2025-08-29 v3.1.11a (3.1.11a)
)
(C:\Users\John Michael Jabuen\AppData\Local\Programs\MiKTeX\tex/generic/pgf/bas
iclayer\pgfcorepatterns.code.tex
File: pgfcorepatterns.code.tex 2025-08-29 v3.1.11a (3.1.11a)
)
(C:\Users\John Michael Jabuen\AppData\Local\Programs\MiKTeX\tex/generic/pgf/bas
iclayer\pgfcorerdf.code.tex
File: pgfcorerdf.code.tex 2025-08-29 v3.1.11a (3.1.11a)
)))
(C:\Users\John Michael Jabuen\AppData\Local\Programs\MiKTeX\tex/generic/pgf/mod
ules\pgfmoduleshapes.code.tex
File: pgfmoduleshapes.code.tex 2025-08-29 v3.1.11a (3.1.11a)
\pgfnodeparttextbox=\box67
)
(C:\Users\John Michael Jabuen\AppData\Local\Programs\MiKTeX\tex/generic/pgf/mod
ules\pgfmoduleplot.code.tex
File: pgfmoduleplot.code.tex 2025-08-29 v3.1.11a (3.1.11a)
)
(C:\Users\John Michael Jabuen\AppData\Local\Programs\MiKTeX\tex/latex/pgf/compa
tibility\pgfcomp-version-0-65.sty
Package: pgfcomp-version-0-65 2025-08-29 v3.1.11a (3.1.11a)
\pgf@nodesepstart=\dimen263
\pgf@nodesepend=\dimen264
)
(C:\Users\John Michael Jabuen\AppData\Local\Programs\MiKTeX\tex/latex/pgf/compa
tibility\pgfcomp-version-1-18.sty
Package: pgfcomp-version-1-18 2025-08-29 v3.1.11a (3.1.11a)
))
(C:\Users\John Michael Jabuen\AppData\Local\Programs\MiKTeX\tex/latex/pgf/utili
ties\pgffor.sty
(C:\Users\John Michael Jabuen\AppData\Local\Programs\MiKTeX\tex/latex/pgf/utili
ties\pgfkeys.sty
(C:\Users\John Michael Jabuen\AppData\Local\Programs\MiKTeX\tex/generic/pgf/uti
lities\pgfkeys.code.tex))
(C:\Users\John Michael Jabuen\AppData\Local\Programs\MiKTeX\tex/latex/pgf/math\
pgfmath.sty
(C:\Users\John Michael Jabuen\AppData\Local\Programs\MiKTeX\tex/generic/pgf/mat
h\pgfmath.code.tex))
(C:\Users\John Michael Jabuen\AppData\Local\Programs\MiKTeX\tex/generic/pgf/uti
lities\pgffor.code.tex
Package: pgffor 2025-08-29 v3.1.11a (3.1.11a)
\pgffor@iter=\dimen265
\pgffor@skip=\dimen266
\pgffor@stack=\toks43
\pgffor@toks=\toks44
))
(C:\Users\John Michael Jabuen\AppData\Local\Programs\MiKTeX\tex/generic/pgf/fro
ntendlayer/tikz\tikz.code.tex
Package: tikz 2025-08-29 v3.1.11a (3.1.11a)

(C:\Users\John Michael Jabuen\AppData\Local\Programs\MiKTeX\tex/generic/pgf/lib
raries\pgflibraryplothandlers.code.tex
File: pgflibraryplothandlers.code.tex 2025-08-29 v3.1.11a (3.1.11a)
\pgf@plot@mark@count=\count324
\pgfplotmarksize=\dimen267
)
\tikz@lastx=\dimen268
\tikz@lasty=\dimen269
\tikz@lastxsaved=\dimen270
\tikz@lastysaved=\dimen271
\tikz@lastmovetox=\dimen272
\tikz@lastmovetoy=\dimen273
\tikzleveldistance=\dimen274
\tikzsiblingdistance=\dimen275
\tikz@figbox=\box68
\tikz@figbox@bg=\box69
\tikz@tempbox=\box70
\tikz@tempbox@bg=\box71
\tikztreelevel=\count325
\tikznumberofchildren=\count326
\tikznumberofcurrentchild=\count327
\tikz@fig@count=\count328

(C:\Users\John Michael Jabuen\AppData\Local\Programs\MiKTeX\tex/generic/pgf/mod
ules\pgfmodulematrix.code.tex
File: pgfmodulematrix.code.tex 2025-08-29 v3.1.11a (3.1.11a)
\pgfmatrixcurrentrow=\count329
\pgfmatrixcurrentcolumn=\count330
\pgf@matrix@numberofcolumns=\count331
)
\tikz@expandcount=\count332

(C:\Users\John Michael Jabuen\AppData\Local\Programs\MiKTeX\tex/generic/pgf/fro
ntendlayer/tikz/libraries\tikzlibrarytopaths.code.tex
File: tikzlibrarytopaths.code.tex 2025-08-29 v3.1.11a (3.1.11a)
)))
(C:\Users\John Michael Jabuen\AppData\Local\Programs\MiKTeX\tex/generic/pgfplot
s\pgfplots.code.tex
(C:\Users\John Michael Jabuen\AppData\Local\Programs\MiKTeX\tex/generic/pgfplot
s\pgfplotscore.code.tex
\t@pgfplots@toka=\toks45
\t@pgfplots@tokb=\toks46
\t@pgfplots@tokc=\toks47
\pgfplots@tmpa=\dimen276
\c@pgfplots@coordindex=\count333
\c@pgfplots@scanlineindex=\count334

(C:\Users\John Michael Jabuen\AppData\Local\Programs\MiKTeX\tex/generic/pgfplot
s/sys\pgfplotssysgeneric.code.tex))
(C:\Users\John Michael Jabuen\AppData\Local\Programs\MiKTeX\tex/generic/pgfplot
s/libs\pgfplotslibrary.code.tex)
(C:\Users\John Michael Jabuen\AppData\Local\Programs\MiKTeX\tex/generic/pgfplot
s/oldpgfcompatib\pgfplotsoldpgfsupp_loader.code.tex
(C:\Users\John Michael Jabuen\AppData\Local\Programs\MiKTeX\tex/generic/pgf/lib
raries\pgflibraryfpu.code.tex)
Package pgfplots: loading complementary utilities for your pgf version...
\t@pgf@toka=\toks48
\t@pgf@tokb=\toks49
\t@pgf@tokc=\toks50

(C:\Users\John Michael Jabuen\AppData\Local\Programs\MiKTeX\tex/generic/pgfplot
s/oldpgfcompatib\pgfplotsoldpgfsupp_pgfutil-common-lists.tex))
(C:\Users\John Michael Jabuen\AppData\Local\Programs\MiKTeX\tex/generic/pgfplot
s/util\pgfplotsutil.code.tex
(C:\Users\John Michael Jabuen\AppData\Local\Programs\MiKTeX\tex/generic/pgfplot
s/liststructure\pgfplotsliststructure.code.tex)
(C:\Users\John Michael Jabuen\AppData\Local\Programs\MiKTeX\tex/generic/pgfplot
s/liststructure\pgfplotsliststructureext.code.tex)
(C:\Users\John Michael Jabuen\AppData\Local\Programs\MiKTeX\tex/generic/pgfplot
s/liststructure\pgfplotsarray.code.tex
\c@pgfplotsarray@tmp=\count335
)
(C:\Users\John Michael Jabuen\AppData\Local\Programs\MiKTeX\tex/generic/pgfplot
s/liststructure\pgfplotsmatrix.code.tex)
(C:\Users\John Michael Jabuen\AppData\Local\Programs\MiKTeX\tex/generic/pgfplot
s/numtable\pgfplotstableshared.code.tex
\c@pgfplotstable@counta=\count336
\t@pgfplotstable@a=\toks51
)
(C:\Users\John Michael Jabuen\AppData\Local\Programs\MiKTeX\tex/generic/pgfplot
s/liststructure\pgfplotsdeque.code.tex)
(C:\Users\John Michael Jabuen\AppData\Local\Programs\MiKTeX\tex/generic/pgfplot
s/util\pgfplotsbinary.code.tex
(C:\Users\John Michael Jabuen\AppData\Local\Programs\MiKTeX\tex/generic/pgfplot
s/util\pgfplotsbinary.data.code.tex))
(C:\Users\John Michael Jabuen\AppData\Local\Programs\MiKTeX\tex/generic/pgfplot
s/util\pgfplotsutil.verb.code.tex)
(C:\Users\John Michael Jabuen\AppData\Local\Programs\MiKTeX\tex/generic/pgfplot
s/libs\pgflibrarypgfplots.surfshading.code.tex
\c@pgfplotslibrarysurf@no=\count337

(C:\Users\John Michael Jabuen\AppData\Local\Programs\MiKTeX\tex/generic/pgfplot
s/sys\pgflibrarypgfplots.surfshading.pgfsys-pdftex.def)))
(C:\Users\John Michael Jabuen\AppData\Local\Programs\MiKTeX\tex/generic/pgfplot
s/util\pgfplotscolormap.code.tex
(C:\Users\John Michael Jabuen\AppData\Local\Programs\MiKTeX\tex/generic/pgfplot
s/util\pgfplotscolor.code.tex))
(C:\Users\John Michael Jabuen\AppData\Local\Programs\MiKTeX\tex/generic/pgfplot
s\pgfplotsstackedplots.code.tex)
(C:\Users\John Michael Jabuen\AppData\Local\Programs\MiKTeX\tex/generic/pgfplot
s\pgfplotsplothandlers.code.tex
(C:\Users\John Michael Jabuen\AppData\Local\Programs\MiKTeX\tex/generic/pgfplot
s\pgfplotsmeshplothandler.code.tex
(C:\Users\John Michael Jabuen\AppData\Local\Programs\MiKTeX\tex/generic/pgfplot
s\pgfplotsmeshplotimage.code.tex)))
(C:\Users\John Michael Jabuen\AppData\Local\Programs\MiKTeX\tex/generic/pgfplot
s\pgfplots.scaling.code.tex)
(C:\Users\John Michael Jabuen\AppData\Local\Programs\MiKTeX\tex/generic/pgfplot
s\pgfplotscoordprocessing.code.tex)
(C:\Users\John Michael Jabuen\AppData\Local\Programs\MiKTeX\tex/generic/pgfplot
s\pgfplots.errorbars.code.tex)
(C:\Users\John Michael Jabuen\AppData\Local\Programs\MiKTeX\tex/generic/pgfplot
s\pgfplots.markers.code.tex)
(C:\Users\John Michael Jabuen\AppData\Local\Programs\MiKTeX\tex/generic/pgfplot
s\pgfplotsticks.code.tex)
(C:\Users\John Michael Jabuen\AppData\Local\Programs\MiKTeX\tex/generic/pgfplot
s\pgfplots.paths.code.tex)
(C:\Users\John Michael Jabuen\AppData\Local\Programs\MiKTeX\tex/generic/pgf/fro
ntendlayer/tikz/libraries\tikzlibrarydecorations.code.tex
(C:\Users\John Michael Jabuen\AppData\Local\Programs\MiKTeX\tex/generic/pgf/mod
ules\pgfmoduledecorations.code.tex
\pgfdecoratedcompleteddistance=\dimen277
\pgfdecoratedremainingdistance=\dimen278
\pgfdecoratedinputsegmentcompleteddistance=\dimen279
\pgfdecoratedinputsegmentremainingdistance=\dimen280
\pgf@decorate@distancetomove=\dimen281
\pgf@decorate@repeatstate=\count338
\pgfdecorationsegmentamplitude=\dimen282
\pgfdecorationsegmentlength=\dimen283
)
\tikz@lib@dec@box=\box72
)
(C:\Users\John Michael Jabuen\AppData\Local\Programs\MiKTeX\tex/generic/pgf/fro
ntendlayer/tikz/libraries\tikzlibrarydecorations.pathmorphing.code.tex
(C:\Users\John Michael Jabuen\AppData\Local\Programs\MiKTeX\tex/generic/pgf/lib
raries/decorations\pgflibrarydecorations.pathmorphing.code.tex))
(C:\Users\John Michael Jabuen\AppData\Local\Programs\MiKTeX\tex/generic/pgf/fro
ntendlayer/tikz/libraries\tikzlibrarydecorations.pathreplacing.code.tex
(C:\Users\John Michael Jabuen\AppData\Local\Programs\MiKTeX\tex/generic/pgf/lib
raries/decorations\pgflibrarydecorations.pathreplacing.code.tex))
(C:\Users\John Michael Jabuen\AppData\Local\Programs\MiKTeX\tex/generic/pgfplot
s/libs\tikzlibrarypgfplots.contourlua.code.tex)
\pgfplots@numplots=\count339
\pgfplots@xmin@reg=\dimen284
\pgfplots@xmax@reg=\dimen285
\pgfplots@ymin@reg=\dimen286
\pgfplots@ymax@reg=\dimen287
\pgfplots@zmin@reg=\dimen288
\pgfplots@zmax@reg=\dimen289
)
(C:\Users\John Michael Jabuen\AppData\Local\Programs\MiKTeX\tex/generic/pgf/fro
ntendlayer/tikz/libraries\tikzlibraryplotmarks.code.tex
File: tikzlibraryplotmarks.code.tex 2025-08-29 v3.1.11a (3.1.11a)

(C:\Users\John Michael Jabuen\AppData\Local\Programs\MiKTeX\tex/generic/pgf/lib
raries\pgflibraryplotmarks.code.tex
File: pgflibraryplotmarks.code.tex 2025-08-29 v3.1.11a (3.1.11a)
)))
(C:\Users\John Michael Jabuen\AppData\Local\Programs\MiKTeX\tex/latex/hyperref\
hyperref.sty
Package: hyperref 2025-07-12 v7.01o Hypertext links for LaTeX

(C:\Users\John Michael Jabuen\AppData\Local\Programs\MiKTeX\tex/generic/iftex\i
ftex.sty
Package: iftex 2024/12/12 v1.0g TeX engine tests
)
(C:\Users\John Michael Jabuen\AppData\Local\Programs\MiKTeX\tex/latex/kvsetkeys
\kvsetkeys.sty
Package: kvsetkeys 2022-10-05 v1.19 Key value parser (HO)
)
(C:\Users\John Michael Jabuen\AppData\Local\Programs\MiKTeX\tex/generic/kvdefin
ekeys\kvdefinekeys.sty
Package: kvdefinekeys 2019-12-19 v1.6 Define keys (HO)
)
(C:\Users\John Michael Jabuen\AppData\Local\Programs\MiKTeX\tex/generic/pdfesca
pe\pdfescape.sty
Package: pdfescape 2019/12/09 v1.15 Implements pdfTeX's escape features (HO)

(C:\Users\John Michael Jabuen\AppData\Local\Programs\MiKTeX\tex/generic/ltxcmds
\ltxcmds.sty
Package: ltxcmds 2023-12-04 v1.26 LaTeX kernel commands for general use (HO)
)
(C:\Users\John Michael Jabuen\AppData\Local\Programs\MiKTeX\tex/generic/pdftexc
mds\pdftexcmds.sty
Package: pdftexcmds 2020-06-27 v0.33 Utility functions of pdfTeX for LuaTeX (HO
)

(C:\Users\John Michael Jabuen\AppData\Local\Programs\MiKTeX\tex/generic/infware
rr\infwarerr.sty
Package: infwarerr 2019/12/03 v1.5 Providing info/warning/error messages (HO)
)
Package pdftexcmds Info: \pdf@primitive is available.
Package pdftexcmds Info: \pdf@ifprimitive is available.
Package pdftexcmds Info: \pdfdraftmode found.
))
(C:\Users\John Michael Jabuen\AppData\Local\Programs\MiKTeX\tex/latex/hycolor\h
ycolor.sty
Package: hycolor 2020-01-27 v1.10 Color options for hyperref/bookmark (HO)
)
(C:\Users\John Michael Jabuen\AppData\Local\Programs\MiKTeX\tex/latex/hyperref\
nameref.sty
Package: nameref 2025-06-21 v2.57 Cross-referencing by name of section

(C:\Users\John Michael Jabuen\AppData\Local\Programs\MiKTeX\tex/latex/refcount\
refcount.sty
Package: refcount 2019/12/15 v3.6 Data extraction from label references (HO)
)
(C:\Users\John Michael Jabuen\AppData\Local\Programs\MiKTeX\tex/generic/gettitl
estring\gettitlestring.sty
Package: gettitlestring 2019/12/15 v1.6 Cleanup title references (HO)

(C:\Users\John Michael Jabuen\AppData\Local\Programs\MiKTeX\tex/latex/kvoptions
\kvoptions.sty
Package: kvoptions 2022-06-15 v3.15 Key value format for package options (HO)
))
\c@section@level=\count340
)
(C:\Users\John Michael Jabuen\AppData\Local\Programs\MiKTeX\tex/latex/etoolbox\
etoolbox.sty
Package: etoolbox 2025/10/02 v2.5m e-TeX tools for LaTeX (JAW)
\etb@tempcnta=\count341
)
(C:\Users\John Michael Jabuen\AppData\Local\Programs\MiKTeX\tex/generic/stringe
nc\stringenc.sty
Package: stringenc 2019/11/29 v1.12 Convert strings between diff. encodings (HO
)
)
\@linkdim=\dimen290
\Hy@linkcounter=\count342
\Hy@pagecounter=\count343

(C:\Users\John Michael Jabuen\AppData\Local\Programs\MiKTeX\tex/latex/hyperref\
pd1enc.def
File: pd1enc.def 2025-07-12 v7.01o Hyperref: PDFDocEncoding definition (HO)
Now handling font encoding PD1 ...
... no UTF-8 mapping file for font encoding PD1
)
(C:\Users\John Michael Jabuen\AppData\Local\Programs\MiKTeX\tex/generic/intcalc
\intcalc.sty
Package: intcalc 2019/12/15 v1.3 Expandable calculations with integers (HO)
)
\Hy@SavedSpaceFactor=\count344

(C:\Users\John Michael Jabuen\AppData\Local\Programs\MiKTeX\tex/latex/hyperref\
puenc.def
File: puenc.def 2025-07-12 v7.01o Hyperref: PDF Unicode definition (HO)
Now handling font encoding PU ...
... no UTF-8 mapping file for font encoding PU
)
Package hyperref Info: Hyper figures OFF on input line 4195.
Package hyperref Info: Link nesting OFF on input line 4200.
Package hyperref Info: Hyper index ON on input line 4203.
Package hyperref Info: Plain pages OFF on input line 4210.
Package hyperref Info: Backreferencing OFF on input line 4215.
Package hyperref Info: Implicit mode ON; LaTeX internals redefined.
Package hyperref Info: Bookmarks ON on input line 4462.
\c@Hy@tempcnt=\count345
LaTeX Info: Redefining \url on input line 4801.
\XeTeXLinkMargin=\dimen291

(C:\Users\John Michael Jabuen\AppData\Local\Programs\MiKTeX\tex/generic/bitset\
bitset.sty
Package: bitset 2019/12/09 v1.3 Handle bit-vector datatype (HO)

(C:\Users\John Michael Jabuen\AppData\Local\Programs\MiKTeX\tex/generic/bigintc
alc\bigintcalc.sty
Package: bigintcalc 2019/12/15 v1.5 Expandable calculations on big integers (HO
)
))
\Fld@menulength=\count346
\Field@Width=\dimen292
\Fld@charsize=\dimen293
Package hyperref Info: Hyper figures OFF on input line 6078.
Package hyperref Info: Link nesting OFF on input line 6083.
Package hyperref Info: Hyper index ON on input line 6086.
Package hyperref Info: backreferencing OFF on input line 6093.
Package hyperref Info: Link coloring OFF on input line 6098.
Package hyperref Info: Link coloring with OCG OFF on input line 6103.
Package hyperref Info: PDF/A mode OFF on input line 6108.
\Hy@abspage=\count347
\c@Item=\count348
\c@Hfootnote=\count349
)
Package hyperref Info: Driver (autodetected): hpdftex.

(C:\Users\John Michael Jabuen\AppData\Local\Programs\MiKTeX\tex/latex/hyperref\
hpdftex.def
File: hpdftex.def 2025-07-12 v7.01o Hyperref driver for pdfTeX
\Fld@listcount=\count350
\c@bookmark@seq@number=\count351

(C:\Users\John Michael Jabuen\AppData\Local\Programs\MiKTeX\tex/latex/rerunfile
check\rerunfilecheck.sty
Package: rerunfilecheck 2025-06-21 v1.11 Rerun checks for auxiliary files (HO)

(C:\Users\John Michael Jabuen\AppData\Local\Programs\MiKTeX\tex/generic/uniquec
ounter\uniquecounter.sty
Package: uniquecounter 2019/12/15 v1.4 Provide unlimited unique counter (HO)
)
Package uniquecounter Info: New unique counter `rerunfilecheck' on input line 2
84.
)
\Hy@SectionHShift=\skip75
)
(C:\Users\John Michael Jabuen\AppData\Local\Programs\MiKTeX\tex/latex/tools\lon
gtable.sty
Package: longtable 2025-10-13 v4.24 Multi-page Table package (DPC)
\LTleft=\skip76
\LTright=\skip77
\LTpre=\skip78
\LTpost=\skip79
\LTchunksize=\count352
\LTcapwidth=\dimen294
\LT@head=\box73
\LT@firsthead=\box74
\LT@foot=\box75
\LT@lastfoot=\box76
\LT@gbox=\box77
\LT@cols=\count353
\LT@rows=\count354
\c@LT@tables=\count355
\c@LT@chunks=\count356
\LT@p@ftn=\toks52
)
(C:\Users\John Michael Jabuen\AppData\Local\Programs\MiKTeX\tex/latex/colortbl\
colortbl.sty
Package: colortbl 2024/10/29 v1.0k Color table columns (DPC)
\everycr=\toks53
\minrowclearance=\skip80
\rownum=\count357
)

LaTeX Warning: Package "xcolor" has already been loaded: ignoring load-time
(LaTeX)        option "xcdraw".


(C:\Users\John Michael Jabuen\AppData\Local\Programs\MiKTeX\tex/latex/adjustbox
\adjustbox.sty
Package: adjustbox 2025/02/26 v1.3c Adjusting TeX boxes (trim, clip, ...)

(C:\Users\John Michael Jabuen\AppData\Local\Programs\MiKTeX\tex/latex/xkeyval\x
keyval.sty
Package: xkeyval 2022/06/16 v2.9 package option processing (HA)

(C:\Users\John Michael Jabuen\AppData\Local\Programs\MiKTeX\tex/generic/xkeyval
\xkeyval.tex
(C:\Users\John Michael Jabuen\AppData\Local\Programs\MiKTeX\tex/generic/xkeyval
\xkvutils.tex
\XKV@toks=\toks54
\XKV@tempa@toks=\toks55
)
\XKV@depth=\count358
File: xkeyval.tex 2014/12/03 v2.7a key=value parser (HA)
))
(C:\Users\John Michael Jabuen\AppData\Local\Programs\MiKTeX\tex/latex/adjustbox
\adjcalc.sty
Package: adjcalc 2012/05/16 v1.1 Provides advanced setlength with multiple back
-ends (calc, etex, pgfmath)
)
(C:\Users\John Michael Jabuen\AppData\Local\Programs\MiKTeX\tex/latex/adjustbox
\trimclip.sty
Package: trimclip 2025/02/21 v1.2a Trim and clip general TeX material

(C:\Users\John Michael Jabuen\AppData\Local\Programs\MiKTeX\tex/latex/collectbo
x\collectbox.sty
Package: collectbox 2022/10/17 v0.4c Collect macro arguments as boxes
\collectedbox=\box78
)
\tc@llx=\dimen295
\tc@lly=\dimen296
\tc@urx=\dimen297
\tc@ury=\dimen298
Package trimclip Info: Using driver 'tc-pdftex.def'.

(C:\Users\John Michael Jabuen\AppData\Local\Programs\MiKTeX\tex/latex/adjustbox
\tc-pdftex.def
File: tc-pdftex.def 2025/02/26 v2.3 Clipping driver for pdftex
))
\adjbox@Width=\dimen299
\adjbox@Height=\dimen300
\adjbox@Depth=\dimen301
\adjbox@Totalheight=\dimen302
\adjbox@pwidth=\dimen303
\adjbox@pheight=\dimen304
\adjbox@pdepth=\dimen305
\adjbox@ptotalheight=\dimen306

(C:\Users\John Michael Jabuen\AppData\Local\Programs\MiKTeX\tex/latex/ifoddpage
\ifoddpage.sty
Package: ifoddpage 2022/10/18 v1.2 Conditionals for odd/even page detection
\c@checkoddpage=\count359
)
(C:\Users\John Michael Jabuen\AppData\Local\Programs\MiKTeX\tex/latex/varwidth\
varwidth.sty
Package: varwidth 2009/03/30 ver 0.92;  Variable-width minipages
\@vwid@box=\box79
\sift@deathcycles=\count360
\@vwid@loff=\dimen307
\@vwid@roff=\dimen308
)
==> First Aid for varwidth.sty applied!
)
(C:\Users\John Michael Jabuen\AppData\Local\Programs\MiKTeX\tex/latex/caption\s
ubcaption.sty
Package: subcaption 2023/07/28 v1.6b Sub-captions (AR)

(C:\Users\John Michael Jabuen\AppData\Local\Programs\MiKTeX\tex/latex/caption\c
aption.sty
Package: caption 2023/08/05 v3.6o Customizing captions (AR)

(C:\Users\John Michael Jabuen\AppData\Local\Programs\MiKTeX\tex/latex/caption\c
aption3.sty
Package: caption3 2023/07/31 v2.4d caption3 kernel (AR)
\caption@tempdima=\dimen309
\captionmargin=\dimen310
\caption@leftmargin=\dimen311
\caption@rightmargin=\dimen312
\caption@width=\dimen313
\caption@indent=\dimen314
\caption@parindent=\dimen315
\caption@hangindent=\dimen316
Package caption Info: Standard document class detected.
)
\c@caption@flags=\count361
\c@continuedfloat=\count362
Package caption Info: float package is loaded.
Package caption Info: hyperref package is loaded.
Package caption Info: listings package is loaded.
Package caption Info: longtable package is loaded.

(C:\Users\John Michael Jabuen\AppData\Local\Programs\MiKTeX\tex/latex/caption\l
tcaption.sty
Package: ltcaption 2021/01/08 v1.4c longtable captions (AR)
)
Package caption Info: subfigure package is loaded.
)
LaTeX Info: Redefining \subref on input line 189.
Package subcaption Info: The counter `subfigure' was already defined by
(subcaption)             an unknown document class or package on input line 238
.
Package subcaption Info: The counter `subtable' was already defined by
(subcaption)             an unknown document class or package on input line 238
.
)
(C:\Users\John Michael Jabuen\AppData\Local\Programs\MiKTeX\tex/latex/multirow\
multirow.sty
Package: multirow 2024/11/12 v2.9 Span multiple rows of a table
\multirow@colwidth=\skip81
\multirow@cntb=\count363
\multirow@dima=\skip82
\bigstrutjot=\dimen317
)
(C:\Users\John Michael Jabuen\AppData\Local\Programs\MiKTeX\tex/latex/booktabs\
booktabs.sty
Package: booktabs 2020/01/12 v1.61803398 Publication quality tables
\heavyrulewidth=\dimen318
\lightrulewidth=\dimen319
\cmidrulewidth=\dimen320
\belowrulesep=\dimen321
\belowbottomsep=\dimen322
\aboverulesep=\dimen323
\abovetopsep=\dimen324
\cmidrulesep=\dimen325
\cmidrulekern=\dimen326
\defaultaddspace=\dimen327
\@cmidla=\count364
\@cmidlb=\count365
\@aboverulesep=\dimen328
\@belowrulesep=\dimen329
\@thisruleclass=\count366
\@lastruleclass=\count367
\@thisrulewidth=\dimen330
)
\defbaselineskip=\skip83
\c@thm=\count368
\c@defn=\count369
\c@rem=\count370

(C:\Users\John Michael Jabuen\AppData\Local\Programs\MiKTeX\tex/latex/l3backend
\l3backend-pdftex.def
File: l3backend-pdftex.def 2025-10-09 L3 backend support: PDF output (pdfTeX)
\l__color_backend_stack_int=\count371
) (thesis.aux (acknowl.aux) (abstract.aux) (chapter1.aux)
(chapter2.aux) (chapter3.aux) (chapter4.aux) (chapter5.aux) (appendix.aux))
\openout1 = `thesis.aux'.

LaTeX Font Info:    Checking defaults for OML/cmm/m/it on input line 113.
LaTeX Font Info:    ... okay on input line 113.
LaTeX Font Info:    Checking defaults for OMS/cmsy/m/n on input line 113.
LaTeX Font Info:    ... okay on input line 113.
LaTeX Font Info:    Checking defaults for OT1/cmr/m/n on input line 113.
LaTeX Font Info:    ... okay on input line 113.
LaTeX Font Info:    Checking defaults for T1/cmr/m/n on input line 113.
LaTeX Font Info:    ... okay on input line 113.
LaTeX Font Info:    Checking defaults for TS1/cmr/m/n on input line 113.
LaTeX Font Info:    ... okay on input line 113.
LaTeX Font Info:    Checking defaults for OMX/cmex/m/n on input line 113.
LaTeX Font Info:    ... okay on input line 113.
LaTeX Font Info:    Checking defaults for U/cmr/m/n on input line 113.
LaTeX Font Info:    ... okay on input line 113.
LaTeX Font Info:    Checking defaults for PD1/pdf/m/n on input line 113.
LaTeX Font Info:    ... okay on input line 113.
LaTeX Font Info:    Checking defaults for PU/pdf/m/n on input line 113.
LaTeX Font Info:    ... okay on input line 113.

(C:\Users\John Michael Jabuen\AppData\Local\Programs\MiKTeX\tex/context/base/mk
ii\supp-pdf.mkii
[Loading MPS to PDF converter (version 2006.09.02).]
\scratchcounter=\count372
\scratchdimen=\dimen331
\scratchbox=\box80
\nofMPsegments=\count373
\nofMParguments=\count374
\everyMPshowfont=\toks56
\MPscratchCnt=\count375
\MPscratchDim=\dimen332
\MPnumerator=\count376
\makeMPintoPDFobject=\count377
\everyMPtoPDFconversion=\toks57
)
(C:\Users\John Michael Jabuen\AppData\Local\Programs\MiKTeX\tex/latex/epstopdf-
pkg\epstopdf-base.sty
Package: epstopdf-base 2020-01-24 v2.11 Base part for package epstopdf
Package epstopdf-base Info: Redefining graphics rule for `.eps' on input line 4
85.

(C:\Users\John Michael Jabuen\AppData\Local\Programs\MiKTeX\tex/latex/00miktex\
epstopdf-sys.cfg
File: epstopdf-sys.cfg 2021/03/18 v2.0 Configuration of epstopdf for MiKTeX
))
\c@lstlisting=\count378

Package pgfplots notification 'compat/show suggested version=true': document ha
s been generated with the most recent feature set (\pgfplotsset{compat=1.18}).

Package hyperref Info: Link coloring OFF on input line 113.
(thesis.out) (thesis.out)
\@outlinefile=\write4
\openout4 = `thesis.out'.

Package caption Info: Begin \AtBeginDocument code.
Package caption Info: End \AtBeginDocument code.

:?0000
Most over/underfulls in first few pages are the fault of upcsthesis.
Ignore all them. If uncorrectable errors occur, notify staff.
[1

{C:/Users/John Michael Jabuen/AppData/Local/MiKTeX/fonts/map/pdftex/pdftex.map}
]
LaTeX Font Info:    Trying to load font information for U+msa on input line 145
.

(C:\Users\John Michael Jabuen\AppData\Local\Programs\MiKTeX\tex/latex/amsfonts\
umsa.fd
File: umsa.fd 2013/01/14 v3.01 AMS symbols A
)
LaTeX Font Info:    Trying to load font information for U+msb on input line 145
.

(C:\Users\John Michael Jabuen\AppData\Local\Programs\MiKTeX\tex/latex/amsfonts\
umsb.fd
File: umsb.fd 2013/01/14 v3.01 AMS symbols B
)
LaTeX Font Info:    Trying to load font information for U+lasy on input line 14
5.

(C:\Users\John Michael Jabuen\AppData\Local\Programs\MiKTeX\tex/latex/base\ulas
y.fd
File: ulasy.fd 1998/08/17 v2.2e LaTeX symbol font definitions
)
Underfull \hbox (badness 2253) in paragraph at lines 145--145
[]\OT1/cmr/m/n/10.95 This is to cer-tify that this re-search pa-per ``\OT1/cmr/
bx/n/10.95 SUDOSOLVRR: A
 []


Underfull \hbox (badness 1097) in paragraph at lines 145--145
\OT1/cmr/bx/n/10.95 WEB-BASED SU-DOKU SOLVER US-ING MUL-TI-THREADED
 []


Underfull \hbox (badness 1924) in paragraph at lines 145--145
\OT1/cmr/bx/n/10.95 MULTI-COLONY ANT OP-TI-MIZA-TION WITH RING AND
 []


Underfull \hbox (badness 10000) in paragraph at lines 145--145

 []


Package Fancyhdr Warning: \headheight is too small (12.0pt): 
 Make it at least 14.49998pt.
 We now make it that large for the rest of the document.
 This may cause the page layout to be inconsistent, however.

[2

]
Underfull \hbox (badness 10000) in paragraph at lines 145--145

 []


Underfull \hbox (badness 10000) in paragraph at lines 145--145

 []


Underfull \hbox (badness 10000) in paragraph at lines 145--145

 []


Overfull \hbox (3.96826pt too wide) in paragraph at lines 145--145
\OT1/cmr/m/n/10.95 The Di-vi-sion of Nat-u-ral Sci-ences and Math-e-mat-ics (DN
SM) ac-cepts this re-search
 []


Underfull \hbox (badness 10000) in paragraph at lines 145--145

 []


Underfull \hbox (badness 10000) in paragraph at lines 145--145

 []

[3]
:?1111
Acknowledgements
:<+ acknowl.tex
\openout2 = `acknowl.aux'.

(acknowl.tex) [4



]
:<-
Abstract
:<+ abstract.tex
\openout2 = `abstract.aux'.

(abstract.tex) [5




]
:<-
\c@ztocpageA=\count379
\c@ztocpageB=\count380
\@defbaselineskip=\skip84
(thesis.toc [6



])
\tf@toc=\write5
\openout5 = `thesis.toc'.

 [7] (thesis.lot)
\tf@lot=\write6
\openout6 = `thesis.lot'.

 [8

] (thesis.lof [9

])
\tf@lof=\write7
\openout7 = `thesis.lof'.

 [10]
UP CS thesis preface pages completed.
:<+ chapter1.tex
\openout2 = `chapter1.aux'.

(chapter1.tex
Chapter 1.
[1


] [2]
<../figures/Backtrack_Back.png, id=419, 1054.94125pt x 154.5775pt>
File: ../figures/Backtrack_Back.png Graphic file (type png)
<use ../figures/Backtrack_Back.png>
Package pdftex.def Info: ../figures/Backtrack_Back.png  used on input line 17.
(pdftex.def)             Requested size: 433.62pt x 63.5352pt.
 [3 <../figures/Backtrack_Back.png>]
<../figures/Hueristic_Back.png, id=436, 1034.86626pt x 157.58875pt>
File: ../figures/Hueristic_Back.png Graphic file (type png)
<use ../figures/Hueristic_Back.png>
Package pdftex.def Info: ../figures/Hueristic_Back.png  used on input line 26.
(pdftex.def)             Requested size: 433.62pt x 66.03052pt.
<../figures/Swarm_Back.png, id=441, 905.3825pt x 151.56625pt>
File: ../figures/Swarm_Back.png Graphic file (type png)
<use ../figures/Swarm_Back.png>
Package pdftex.def Info: ../figures/Swarm_Back.png  used on input line 36.
(pdftex.def)             Requested size: 433.62pt x 72.58908pt.
 [4 <../figures/Hueristic_Back.png> <../figures/Swarm_Back.png>]
<../figures/ParallelACO_Back.png, id=455, 1245.65375pt x 386.44376pt>
File: ../figures/ParallelACO_Back.png Graphic file (type png)
<use ../figures/ParallelACO_Back.png>
Package pdftex.def Info: ../figures/ParallelACO_Back.png  used on input line 45
.
(pdftex.def)             Requested size: 433.62pt x 134.52615pt.
 [5 <../figures/ParallelACO_Back.png>]
<../figures/CP-ACS.png, id=468, 925.4575pt x 121.45375pt>
File: ../figures/CP-ACS.png Graphic file (type png)
<use ../figures/CP-ACS.png>
Package pdftex.def Info: ../figures/CP-ACS.png  used on input line 56.
(pdftex.def)             Requested size: 433.62pt x 56.9072pt.
<../figures/Proposed Solver SOP.png, id=473, 673.51625pt x 166.6225pt>
File: ../figures/Proposed Solver SOP.png Graphic file (type png)
<use ../figures/Proposed Solver SOP.png>
Package pdftex.def Info: ../figures/Proposed Solver SOP.png  used on input line
 66.
(pdftex.def)             Requested size: 433.62pt x 107.27618pt.
 [6 <../figures/CP-ACS.png>] [7 <../figures/Proposed Solver SOP.png>] [8] [9]
<../figures/Theoretical and Conceptual Framework.png, id=499, 855.195pt x 432.6
1626pt>
File: ../figures/Theoretical and Conceptual Framework.png Graphic file (type pn
g)
<use ../figures/Theoretical and Conceptual Framework.png>
Package pdftex.def Info: ../figures/Theoretical and Conceptual Framework.png  u
sed on input line 101.
(pdftex.def)             Requested size: 433.62pt x 219.35074pt.


Package caption Warning: The option `hypcap=true' will be ignored for this
(caption)                particular \caption on input line 102.
See the caption package documentation for explanation.

[10 <../figures/Theoretical and Conceptual Framework.png>]) [11]
:<-
:<+ chapter2.tex
\openout2 = `chapter2.aux'.

(chapter2.tex
Chapter 2.
[12




] [13]
<../figures/DCM-ACO-RRL.png, id=552, 1175.39125pt x 150.5625pt>
File: ../figures/DCM-ACO-RRL.png Graphic file (type png)
<use ../figures/DCM-ACO-RRL.png>
Package pdftex.def Info: ../figures/DCM-ACO-RRL.png  used on input line 14.
(pdftex.def)             Requested size: 433.62pt x 55.54413pt.
 [14]) [15 <../figures/DCM-ACO-RRL.png>] [16]
:<-
:<+ chapter3.tex
\openout2 = `chapter3.aux'.

(chapter3.tex
Chapter 3.
<../figures/General Overview.png, id=573, 1407.2575pt x 518.93875pt>
File: ../figures/General Overview.png Graphic file (type png)
<use ../figures/General Overview.png>
Package pdftex.def Info: ../figures/General Overview.png  used on input line 4.

(pdftex.def)             Requested size: 433.62pt x 159.89539pt.

Package caption Warning: The option `hypcap=true' will be ignored for this
(caption)                particular \caption on input line 5.
See the caption package documentation for explanation.

[17




 <../figures/General Overview.png>]
<../figures/Dataset.png, id=581, 1231.60126pt x 508.90125pt>
File: ../figures/Dataset.png Graphic file (type png)
<use ../figures/Dataset.png>
Package pdftex.def Info: ../figures/Dataset.png  used on input line 17.
(pdftex.def)             Requested size: 433.62pt x 179.1664pt.
 [18 <../figures/Dataset.png>]
<../figures/inputFile.png, id=588, 765.86125pt x 283.0575pt>
File: ../figures/inputFile.png Graphic file (type png)
<use ../figures/inputFile.png>
Package pdftex.def Info: ../figures/inputFile.png  used on input line 40.
(pdftex.def)             Requested size: 433.62pt x 160.26466pt.
 [19 <../figures/inputFile.png>]
<../figures/ValueSet.png, id=597, 653.44125pt x 274.02374pt>
File: ../figures/ValueSet.png Graphic file (type png)
<use ../figures/ValueSet.png>
Package pdftex.def Info: ../figures/ValueSet.png  used on input line 59.
(pdftex.def)             Requested size: 433.62pt x 181.83882pt.
 [20]
<../figures/CP Rule 1 a.png, id=607, 858.20625pt x 550.055pt>
File: ../figures/CP Rule 1 a.png Graphic file (type png)
<use ../figures/CP Rule 1 a.png>
Package pdftex.def Info: ../figures/CP Rule 1 a.png  used on input line 69.
(pdftex.def)             Requested size: 346.89731pt x 222.343pt.


Package caption Warning: The option `hypcap=true' will be ignored for this
(caption)                particular \caption on input line 70.
See the caption package documentation for explanation.

<../figures/CP Rule 1 b.png, id=608, 763.85374pt x 533.995pt>
File: ../figures/CP Rule 1 b.png Graphic file (type png)
<use ../figures/CP Rule 1 b.png>
Package pdftex.def Info: ../figures/CP Rule 1 b.png  used on input line 75.
(pdftex.def)             Requested size: 346.89731pt x 242.50366pt.

Package caption Warning: The option `hypcap=true' will be ignored for this
(caption)                particular \caption on input line 76.
See the caption package documentation for explanation.

[21 <../figures/ValueSet.png>] [22 <../figures/CP Rule 1 a.png> <../figures/CP 
Rule 1 b.png>]
<../figures/CP Rule 2 a.png, id=621, 845.1575pt x 598.235pt>
File: ../figures/CP Rule 2 a.png Graphic file (type png)
<use ../figures/CP Rule 2 a.png>
Package pdftex.def Info: ../figures/CP Rule 2 a.png  used on input line 86.
(pdftex.def)             Requested size: 346.89731pt x 245.55179pt.


Package caption Warning: The option `hypcap=true' will be ignored for this
(caption)                particular \caption on input line 87.
See the caption package documentation for explanation.

<../figures/CP Rule 2 b.png, id=622, 890.32625pt x 673.51625pt>
File: ../figures/CP Rule 2 b.png Graphic file (type png)
<use ../figures/CP Rule 2 b.png>
Package pdftex.def Info: ../figures/CP Rule 2 b.png  used on input line 92.
(pdftex.def)             Requested size: 346.89731pt x 262.42363pt.

Package caption Warning: The option `hypcap=true' will be ignored for this
(caption)                particular \caption on input line 93.
See the caption package documentation for explanation.

[23 <../figures/CP Rule 2 a.png> <../figures/CP Rule 2 b.png>]
<../figures/CP Result.png, id=631, 843.15pt x 348.30125pt>
File: ../figures/CP Result.png Graphic file (type png)
<use ../figures/CP Result.png>
Package pdftex.def Info: ../figures/CP Result.png  used on input line 103.
(pdftex.def)             Requested size: 433.62pt x 179.13pt.


Package caption Warning: The option `hypcap=true' will be ignored for this
(caption)                particular \caption on input line 104.
See the caption package documentation for explanation.

[24 <../figures/CP Result.png>]
Overfull \hbox (2.43593pt too wide) in paragraph at lines 112--113
[]\OT1/cmr/bx/n/12 Number of Threads \OT1/cmr/m/n/12 - This in-cludes the threa
ds setup and its num-ber. Threads
 []

[25]
<../figures/PherMatrixInit.png, id=648, 1044.90375pt x 364.36125pt>
File: ../figures/PherMatrixInit.png Graphic file (type png)
<use ../figures/PherMatrixInit.png>
Package pdftex.def Info: ../figures/PherMatrixInit.png  used on input line 128.

(pdftex.def)             Requested size: 390.25534pt x 136.08472pt.
 [26 <../figures/PherMatrixInit.png>]
<../figures/Ants start.png, id=659, 1033.8625pt x 402.50375pt>
File: ../figures/Ants start.png Graphic file (type png)
<use ../figures/Ants start.png>
Package pdftex.def Info: ../figures/Ants start.png  used on input line 142.
(pdftex.def)             Requested size: 390.25534pt x 151.93349pt.
 [27 <../figures/Ants start.png>]
<../figures/Greedy Selection.png, id=670, 763.85374pt x 553.06625pt>
File: ../figures/Greedy Selection.png Graphic file (type png)
<use ../figures/Greedy Selection.png>
Package pdftex.def Info: ../figures/Greedy Selection.png  used on input line 16
2.
(pdftex.def)             Requested size: 346.89731pt x 251.1645pt.


Package caption Warning: The option `hypcap=true' will be ignored for this
(caption)                particular \caption on input line 163.
See the caption package documentation for explanation.

<../figures/Probabilities.png, id=671, 755.82375pt x 466.74374pt>
File: ../figures/Probabilities.png Graphic file (type png)
<use ../figures/Probabilities.png>
Package pdftex.def Info: ../figures/Probabilities.png  used on input line 168.
(pdftex.def)             Requested size: 346.89731pt x 214.22043pt.

Package caption Warning: The option `hypcap=true' will be ignored for this
(caption)                particular \caption on input line 169.
See the caption package documentation for explanation.

[28 <../figures/Greedy Selection.png> <../figures/Probabilities.png>] [29]
Overfull \hbox (11.53316pt too wide) in paragraph at lines 194--195
[]\OT1/cmr/m/n/12 where $[]\OML/cmm/m/it/12 ^^X$ \OT1/cmr/m/n/12 is the lo-cal 
pheromone evap-o-ra-tion co-ef-fi-cient, and $\OML/cmm/m/it/12 ^^\[]$ \OT1/cmr/
m/n/12 is the ini-tial pheromone
 []

<../figures/CP in ACS Rule 1 a.png, id=690, 825.0825pt x 727.71875pt>
File: ../figures/CP in ACS Rule 1 a.png Graphic file (type png)
<use ../figures/CP in ACS Rule 1 a.png>
Package pdftex.def Info: ../figures/CP in ACS Rule 1 a.png  used on input line 
198.
(pdftex.def)             Requested size: 281.85034pt x 248.58702pt.

Package caption Warning: The option `hypcap=true' will be ignored for this
(caption)                particular \caption on input line 199.
See the caption package documentation for explanation.

<../figures/CP in ACS Rule 1 b.png, id=691, 719.68875pt x 700.6175pt>
File: ../figures/CP in ACS Rule 1 b.png Graphic file (type png)
<use ../figures/CP in ACS Rule 1 b.png>
Package pdftex.def Info: ../figures/CP in ACS Rule 1 b.png  used on input line 
204.
(pdftex.def)             Requested size: 281.85034pt x 274.3836pt.

Package caption Warning: The option `hypcap=true' will be ignored for this
(caption)                particular \caption on input line 205.
See the caption package documentation for explanation.

[30 <../figures/CP in ACS Rule 1 a.png>]
<../figures/CP in ACS Rule 2 a.png, id=698, 905.3825pt x 790.955pt>
File: ../figures/CP in ACS Rule 2 a.png Graphic file (type png)
<use ../figures/CP in ACS Rule 2 a.png>
Package pdftex.def Info: ../figures/CP in ACS Rule 2 a.png  used on input line 
213.
(pdftex.def)             Requested size: 281.85034pt x 246.21938pt.


Package caption Warning: The option `hypcap=true' will be ignored for this
(caption)                particular \caption on input line 214.
See the caption package documentation for explanation.

[31 <../figures/CP in ACS Rule 1 b.png> <../figures/CP in ACS Rule 2 a.png>]
<../figures/CP in ACS Rule 2 b.png, id=705, 976.64874pt x 808.01875pt>
File: ../figures/CP in ACS Rule 2 b.png Graphic file (type png)
<use ../figures/CP in ACS Rule 2 b.png>
Package pdftex.def Info: ../figures/CP in ACS Rule 2 b.png  used on input line 
219.
(pdftex.def)             Requested size: 281.85034pt x 233.18513pt.


Package caption Warning: The option `hypcap=true' will be ignored for this
(caption)                particular \caption on input line 220.
See the caption package documentation for explanation.

<../figures/Local Update.png, id=706, 1617.04124pt x 568.1225pt>
File: ../figures/Local Update.png Graphic file (type png)
<use ../figures/Local Update.png>
Package pdftex.def Info: ../figures/Local Update.png  used on input line 225.
(pdftex.def)             Requested size: 390.25534pt x 137.10637pt.
[32 <../figures/CP in ACS Rule 2 b.png> <../figures/Local Update.png>]
<../figures/Finding Best Ant.png, id=714, 1037.8775pt x 448.67625pt>
File: ../figures/Finding Best Ant.png Graphic file (type png)
<use ../figures/Finding Best Ant.png>
Package pdftex.def Info: ../figures/Finding Best Ant.png  used on input line 23
4.
(pdftex.def)             Requested size: 433.62pt x 187.45688pt.
 [33 <../figures/Finding Best Ant.png>]
<../figures/Global Update.png, id=727, 1265.72874pt x 634.37pt>
File: ../figures/Global Update.png Graphic file (type png)
<use ../figures/Global Update.png>
Package pdftex.def Info: ../figures/Global Update.png  used on input line 270.
(pdftex.def)             Requested size: 390.25534pt x 195.58789pt.
 [34]
<../figures/BVE.png, id=736, 1235.61626pt x 495.8525pt>
File: ../figures/BVE.png Graphic file (type png)
<use ../figures/BVE.png>
Package pdftex.def Info: ../figures/BVE.png  used on input line 287.
(pdftex.def)             Requested size: 390.25534pt x 156.61049pt.
 [35 <../figures/Global Update.png>]
<../figures/MMAS Difference.png, id=745, 895.345pt x 406.51875pt>
File: ../figures/MMAS Difference.png Graphic file (type png)
<use ../figures/MMAS Difference.png>
Package pdftex.def Info: ../figures/MMAS Difference.png  used on input line 296
.
(pdftex.def)             Requested size: 390.25534pt x 177.19398pt.

[36 <../figures/BVE.png>]
<../figures/MMAS Limits.png, id=754, 1165.35374pt x 600.2425pt>
File: ../figures/MMAS Limits.png Graphic file (type png)
<use ../figures/MMAS Limits.png>
Package pdftex.def Info: ../figures/MMAS Limits.png  used on input line 315.
(pdftex.def)             Requested size: 390.25534pt x 201.00233pt.
 [37 <../figures/MMAS Difference.png>]
<../figures/DCM-ACO.png, id=764, 764.8575pt x 704.6325pt>
File: ../figures/DCM-ACO.png Graphic file (type png)
<use ../figures/DCM-ACO.png>
Package pdftex.def Info: ../figures/DCM-ACO.png  used on input line 326.
(pdftex.def)             Requested size: 390.25534pt x 359.52986pt.
 [38 <../figures/MMAS Limits.png>] [39 <../figures/DCM-ACO.png>] [40]
<../figures/Coop Game.png, id=788, 1255.69125pt x 471.7625pt>
File: ../figures/Coop Game.png Graphic file (type png)
<use ../figures/Coop Game.png>
Package pdftex.def Info: ../figures/Coop Game.png  used on input line 369.
(pdftex.def)             Requested size: 390.25534pt x 146.61198pt.
<../figures/Coop Game Result.png, id=790, 1335.99126pt x 663.47874pt>
File: ../figures/Coop Game Result.png Graphic file (type png)
<use ../figures/Coop Game Result.png>
Package pdftex.def Info: ../figures/Coop Game Result.png  used on input line 38
1.
(pdftex.def)             Requested size: 433.62pt x 215.34456pt.
 [41 <../figures/Coop Game.png>] [42 <../figures/Coop Game Result.png>]
<../figures/Pher Fusion.png, id=807, 1237.62375pt x 543.02875pt>
File: ../figures/Pher Fusion.png Graphic file (type png)
<use ../figures/Pher Fusion.png>
Package pdftex.def Info: ../figures/Pher Fusion.png  used on input line 407.
(pdftex.def)             Requested size: 390.25534pt x 171.22896pt.
 [43 <../figures/Pher Fusion.png>] [44]
<../figures/Public Path.png, id=825, 1297.84875pt x 592.2125pt>
File: ../figures/Public Path.png Graphic file (type png)
<use ../figures/Public Path.png>
Package pdftex.def Info: ../figures/Public Path.png  used on input line 439.
(pdftex.def)             Requested size: 390.25534pt x 178.07175pt.
 [45 <../figures/Public Path.png>]
Overfull \hbox (4.30908pt too wide) in paragraph at lines 457--458
[]\OT1/cmr/m/n/12 receives a best-so-far so-lu-tion from the thread whose ID is
 found in $[][][(\OML/cmm/m/it/12 i \OMS/cmsy/m/n/12 ^^@
 []

<../figures/Topologies.png, id=834, 685.56125pt x 211.79124pt>
File: ../figures/Topologies.png Graphic file (type png)
<use ../figures/Topologies.png>
Package pdftex.def Info: ../figures/Topologies.png  used on input line 463.
(pdftex.def)             Requested size: 433.62pt x 133.9624pt.
[46] [47 <../figures/Topologies.png>]
<../figures/Threads Result.png, id=850, 1175.39125pt x 470.75874pt>
File: ../figures/Threads Result.png Graphic file (type png)
<use ../figures/Threads Result.png>
Package pdftex.def Info: ../figures/Threads Result.png  used on input line 487.

(pdftex.def)             Requested size: 390.25534pt x 156.29904pt.
 [48 <../figures/Threads Result.png>]
<../figures/SudoSoLVRR.png, id=861, 1115.16624pt x 366.36874pt>
File: ../figures/SudoSoLVRR.png Graphic file (type png)
<use ../figures/SudoSoLVRR.png>
Package pdftex.def Info: ../figures/SudoSoLVRR.png  used on input line 503.
(pdftex.def)             Requested size: 390.25534pt x 128.20862pt.
)
[49 <../figures/SudoSoLVRR.png>]
:<-
:<+ chapter4.tex
\openout2 = `chapter4.aux'.

(chapter4.tex
Chapter 4.
[50




] [51]
Overfull \hbox (15.29446pt too wide) in paragraph at lines 59--59
[][]\OT1/cmr/bx/n/14.4 Experiment 3: With-out Thread Com-mu-ni-ca-tion vs With 
Thread
 []

[52]
<../figures/SudoSLVRR_Web.png, id=890, 1132.23pt x 614.89725pt>
File: ../figures/SudoSLVRR_Web.png Graphic file (type png)
<use ../figures/SudoSLVRR_Web.png>
Package pdftex.def Info: ../figures/SudoSLVRR_Web.png  used on input line 70.
(pdftex.def)             Requested size: 433.62pt x 235.49298pt.
 [53] [54 <../figures/SudoSLVRR_Web.png>]
LaTeX Font Info:    Font shape `U/lasy/b/n' in size <7> not available
(Font)              Font shape `U/lasy/m/n' tried instead on input line 123.
LaTeX Font Info:    Font shape `U/lasy/b/n' in size <5> not available
(Font)              Font shape `U/lasy/m/n' tried instead on input line 123.

Overfull \hbox (23.96165pt too wide) in paragraph at lines 114--127
 [][] 
 []

[55]
Overfull \hbox (23.96165pt too wide) in paragraph at lines 134--147
 [][] 
 []


Overfull \hbox (13.62935pt too wide) in paragraph at lines 154--167
 [][] 
 []

Package pgfplots info on input line 183: Using 'lua backend=false' for axis: x 
coord trafo unsupported.
Package pgfplots info on input line 202: Using 'lua backend=false' for axis: x 
coord trafo unsupported.
[56]
Package pgfplots info on input line 227: Using 'lua backend=false' for axis: x 
coord trafo unsupported.
) [57]
:<-
:<+ chapter5.tex
\openout2 = `chapter5.aux'.

(chapter5.tex
Chapter 5.
) [58




]
:<-
:<+ appendix.tex
\openout2 = `appendix.aux'.

(appendix.tex [59




] [60] [61] [62] [63]) [64]
:<-
:<+ thesis.bbl
(thesis.bbl [65



] [66] [67])
:<-

Package caption Warning: Unused \captionsetup[sub] on input line 42.
See the caption package documentation for explanation.

[68] (thesis.aux (acknowl.aux) (abstract.aux) (chapter1.aux) (chapter2.aux)
(chapter3.aux) (chapter4.aux) (chapter5.aux) (appendix.aux))
 ***********
LaTeX2e <2025-11-01>
L3 programming layer <2025-10-24>
 ***********
Package rerunfilecheck Info: File `thesis.out' has not changed.
(rerunfilecheck)             Checksum: F915522DC7B13EF7EA9318E26E777668;8358.
 ) 
Here is how much of TeX's memory you used:
 36625 strings out of 467871
 844041 string characters out of 5411563
 1326740 words of memory out of 5000000
 64589 multiletter control sequences out of 15000+600000
 642334 words of font info for 99 fonts, out of 8000000 for 9000
 1141 hyphenation exceptions out of 8191
 99i,20n,131p,1829b,2331s stack positions out of 10000i,1000n,20000p,200000b,200000s
 <C:\Users\John Michael Jabuen\AppData\Local\MiKTeX\fonts/pk/ljfour/jknappen/
ec/dpi600\tcrm1200.pk><C:/Users/John Michael Jabuen/AppData/Local/Programs/MiKT
eX/fonts/type1/public/amsfonts/cm/cmbsy10.pfb><C:/Users/John Michael Jabuen/App
Data/Local/Programs/MiKTeX/fonts/type1/public/amsfonts/cm/cmbx10.pfb><C:/Users/
John Michael Jabuen/AppData/Local/Programs/MiKTeX/fonts/type1/public/amsfonts/c
m/cmbx12.pfb><C:/Users/John Michael Jabuen/AppData/Local/Programs/MiKTeX/fonts/
type1/public/amsfonts/cm/cmbx7.pfb><C:/Users/John Michael Jabuen/AppData/Local/
Programs/MiKTeX/fonts/type1/public/amsfonts/cm/cmex10.pfb><C:/Users/John Michae
l Jabuen/AppData/Local/Programs/MiKTeX/fonts/type1/public/amsfonts/cm/cmmi10.pf
b><C:/Users/John Michael Jabuen/AppData/Local/Programs/MiKTeX/fonts/type1/publi
c/amsfonts/cm/cmmi12.pfb><C:/Users/John Michael Jabuen/AppData/Local/Programs/M
iKTeX/fonts/type1/public/amsfonts/cm/cmmi6.pfb><C:/Users/John Michael Jabuen/Ap
pData/Local/Programs/MiKTeX/fonts/type1/public/amsfonts/cm/cmmi8.pfb><C:/Users/
John Michael Jabuen/AppData/Local/Programs/MiKTeX/fonts/type1/public/amsfonts/c
m/cmmib10.pfb><C:/Users/John Michael Jabuen/AppData/Local/Programs/MiKTeX/fonts
/type1/public/amsfonts/cmextra/cmmib7.pfb><C:/Users/John Michael Jabuen/AppData
/Local/Programs/MiKTeX/fonts/type1/public/amsfonts/cm/cmr10.pfb><C:/Users/John 
Michael Jabuen/AppData/Local/Programs/MiKTeX/fonts/type1/public/amsfonts/cm/cmr
12.pfb><C:/Users/John Michael Jabuen/AppData/Local/Programs/MiKTeX/fonts/type1/
public/amsfonts/cm/cmr8.pfb><C:/Users/John Michael Jabuen/AppData/Local/Program
s/MiKTeX/fonts/type1/public/amsfonts/cm/cmsy10.pfb><C:/Users/John Michael Jabue
n/AppData/Local/Programs/MiKTeX/fonts/type1/public/amsfonts/cm/cmsy8.pfb><C:/Us
ers/John Michael Jabuen/AppData/Local/Programs/MiKTeX/fonts/type1/public/amsfon
ts/cm/cmti12.pfb>
Output written on thesis.pdf (78 pages, 3311832 bytes).
PDF statistics:
 1113 PDF objects out of 1200 (max. 8388607)
 268 named destinations out of 1000 (max. 500000)
 557 words of extra memory for PDF output out of 10000 (max. 10000000)

